Cadence Genus(TM) Synthesis Solution.
Copyright 2022 Cadence Design Systems, Inc. All rights reserved worldwide.
Cadence and the Cadence logo are registered trademarks and Genus is a trademark
of Cadence Design Systems, Inc. in the United States and other countries.

[12:44:23.395649] Configured Lic search path (21.01-s002): 5280@CadenceServer

Version: 21.14-s082_1, built Thu Jun 23 02:02:08 PDT 2022
Options: 
Date:    Mon Mar 09 12:44:23 2026
Host:    vlsi25 (x86_64 w/Linux 4.18.0-425.3.1.el8.x86_64) (20cores*28cpus*1physical cpu*Intel(R) Core(TM) i7-14700 33792KB) (32363712KB)
PID:     113179
OS:      Red Hat Enterprise Linux release 8.7 (Ootpa)


[12:44:23.141048] Periodic Lic check successful
[12:44:23.141051] Feature usage summary:
[12:44:23.141051] Genus_Synthesis
Checking out license: Genus_Synthesis


***********************************************************************************************************
***********************************************************************************************************



Loading tool scripts...
Finished loading tool scripts (3 seconds elapsed).

WARNING: This version of the tool is 1354 days old.
@genus:root: 1> read_hdl { \
stage1_sdf_csd.V \
stage2_sdf_csd.v \
stage3_sdf_csd.v \
fft8_sdf_csd_top.v \
}
Warning : Cannot open file. [VLOGPT-650]
        : File 'stage1_sdf_csd.V'.
        : The specified file could not be opened.  Check the value of the init_hdl_search_path attribute.
    initial begin
          |
Warning : Ignoring unsynthesizable construct. [VLOGPT-37]
        : Initial in file 'stage2_sdf_csd.v' on line 27, column 11.
        : For example, the following constructs will be ignored:
    - initial block
    - final block
    - program block
    - property block
    - sequence block
    - covergroup
    - checker block
    - gate drive strength
    - system task enable
    - reg declaration with initial value
    - specify block.
    initial begin
          |
Warning : Ignoring unsynthesizable construct. [VLOGPT-37]
        : Initial in file 'stage3_sdf_csd.v' on line 42, column 11.
    initial begin r1_re=0; r1_im=0; r1_valid=0; end
          |
Warning : Ignoring unsynthesizable construct. [VLOGPT-37]
        : Initial in file 'fft8_sdf_csd_top.v' on line 29, column 11.
    initial begin s12_re=0; s12_im=0; s12_valid=0; end
          |
Warning : Ignoring unsynthesizable construct. [VLOGPT-37]
        : Initial in file 'fft8_sdf_csd_top.v' on line 51, column 11.
    initial begin s23_re=0; s23_im=0; s23_valid=0; end
          |
Warning : Ignoring unsynthesizable construct. [VLOGPT-37]
        : Initial in file 'fft8_sdf_csd_top.v' on line 73, column 11.
